Arguments: 
  /usr/local/bin/node /usr/local/bin/yarn

PATH: 
  /Users/boris/Desktop/google-cloud-sdk/bin:/usr/local/bin:/usr/bin:/bin:/usr/sbin:/sbin:/usr/local/share/dotnet:/opt/X11/bin:~/.dotnet/tools:/Library/Frameworks/Mono.framework/Versions/Current/Commands:/opt/ImageMagick/bin

Yarn version: 
  1.22.10

Node version: 
  14.17.2

Platform: 
  darwin x64

Trace: 
  SyntaxError: /Users/boris/Desktop/VS_openseaa_api/lab/package.json: Unexpected token } in JSON at position 123
      at JSON.parse (<anonymous>)
      at /usr/local/lib/node_modules/yarn/lib/cli.js:1625:59
      at Generator.next (<anonymous>)
      at step (/usr/local/lib/node_modules/yarn/lib/cli.js:310:30)
      at /usr/local/lib/node_modules/yarn/lib/cli.js:321:13

npm manifest: 
  {
    "name": "boris-module",
    "version": "0.1.0",
    "private": true,
    "scripts": {
      "build": "tsc -p tsconfig.json",
    },
    "browserslist": {
      "production": [
        ">0.2%",
        "not dead",
        "not op_mini all"
      ],
      "development": [
        "last 1 chrome version",
        "last 1 firefox version",
        "last 1 safari version"
      ]
    },
    "dependencies": {
  
    },
    "devDependencies": {
     
    }
  }

yarn manifest: 
  No manifest

Lockfile: 
  No lockfile
